2023.03.20 07:27:36 INFO  Started: Metals version 0.11.11 in workspace 'D:\Github\LeetCode' for client Visual Studio Code 1.76.2.
SLF4J: No SLF4J providers were found.
SLF4J: Defaulting to no-operation (NOP) logger implementation
SLF4J: See https://www.slf4j.org/codes.html#noProviders for further details.
SLF4J: Class path contains SLF4J bindings targeting slf4j-api versions 1.7.x or earlier.
SLF4J: Ignoring binding found at [jar:file:/C:/Users/sanjaya/AppData/Local/Coursier/cache/v1/https/repo1.maven.org/maven2/com/outr/scribe-slf4j_2.13/3.11.0/scribe-slf4j_2.13-3.11.0.jar!/org/slf4j/impl/StaticLoggerBinder.class]
SLF4J: See https://www.slf4j.org/codes.html#ignoredBindings for an explanation.
2023.03.20 07:27:37 INFO  time: initialize in 1.49s
2023.03.20 07:27:42 WARN  Build server is not auto-connectable.
2023.03.20 07:27:42 WARN  no build tool detected in workspace 'D:\Github\LeetCode'. The most common cause for this problem is that the editor was opened in the wrong working directory, for example if you use sbt then the workspace directory should contain build.sbt. 
2023.03.20 07:27:42 WARN  no build target for: D:\Github\LeetCode\Two_Sum\two_sum_1.scala
2023.03.20 07:27:51 INFO  no build target found for D:\Github\LeetCode\Two_Sum\two_sum_1.scala. Using presentation compiler with project's scala-library version: 3.2.2
2023.03.20 07:27:56 INFO  time: code lens generation in 13s
2023.03.20 07:28:46 INFO  Shutting down server
2023.03.20 07:28:46 INFO  shutting down Metals
2023.03.20 07:28:46 INFO  Exiting server
2023.04.01 14:02:03 INFO  Started: Metals version 0.11.11 in workspace 'D:\Github\LeetCode' for client Visual Studio Code 1.77.0.
SLF4J: No SLF4J providers were found.
SLF4J: Defaulting to no-operation (NOP) logger implementation
SLF4J: See https://www.slf4j.org/codes.html#noProviders for further details.
SLF4J: Class path contains SLF4J bindings targeting slf4j-api versions 1.7.x or earlier.
SLF4J: Ignoring binding found at [jar:file:/C:/Users/sanjaya/AppData/Local/Coursier/cache/v1/https/repo1.maven.org/maven2/com/outr/scribe-slf4j_2.13/3.11.0/scribe-slf4j_2.13-3.11.0.jar!/org/slf4j/impl/StaticLoggerBinder.class]
SLF4J: See https://www.slf4j.org/codes.html#ignoredBindings for an explanation.
2023.04.01 14:02:04 INFO  time: initialize in 0.58s
2023.04.01 14:02:06 WARN  Build server is not auto-connectable.
2023.04.01 14:02:06 WARN  no build tool detected in workspace 'D:\Github\LeetCode'. The most common cause for this problem is that the editor was opened in the wrong working directory, for example if you use sbt then the workspace directory should contain build.sbt. 
2023.04.01 14:02:06 WARN  no build target for: D:\Github\LeetCode\Two_Sum\two_sum_1.scala
Apr 01, 2023 2:02:06 PM org.eclipse.lsp4j.jsonrpc.RemoteEndpoint handleCancellation
WARNING: Unmatched cancel notification for request id 1
2023.04.01 14:02:06 WARN  no build target for: D:\Github\LeetCode\Two_Sum\two_sum_2.scala
2023.04.01 14:02:12 INFO  no build target found for D:\Github\LeetCode\Two_Sum\two_sum_1.scala. Using presentation compiler with project's scala-library version: 3.2.2
2023.04.01 14:02:14 INFO  time: code lens generation in 8.71s
2023.04.01 14:02:14 INFO  time: code lens generation in 4.28s
2023.04.01 14:02:14 INFO  time: code lens generation in 2.62s
2023.04.01 14:02:14 INFO  time: code lens generation in 8.79s
Apr 01, 2023 2:02:21 PM org.eclipse.lsp4j.jsonrpc.RemoteEndpoint handleCancellation
WARNING: Unmatched cancel notification for request id 48
2023.04.01 14:06:44 WARN  no build target for: D:\Github\LeetCode\Two_Sum\two_sum_2.scala
2023.04.01 14:06:47 WARN  no build target for: D:\Github\LeetCode\Two_Sum\two_sum_2.scala
2023.04.01 14:06:48 WARN  no build target for: D:\Github\LeetCode\Two_Sum\two_sum_2.scala
2023.04.01 14:06:48 WARN  no build target for: D:\Github\LeetCode\Two_Sum\two_sum_2.scala
2023.04.01 14:06:49 WARN  no build target for: D:\Github\LeetCode\Two_Sum\two_sum_2.scala
2023.04.01 14:06:49 WARN  no build target for: D:\Github\LeetCode\Two_Sum\two_sum_2.scala
2023.04.01 14:06:49 WARN  no build target for: D:\Github\LeetCode\Two_Sum\two_sum_2.scala
2023.04.01 14:06:50 WARN  no build target for: D:\Github\LeetCode\Two_Sum\two_sum_2.scala
2023.04.01 14:06:50 WARN  no build target for: D:\Github\LeetCode\Two_Sum\two_sum_2.scala
2023.04.01 14:06:50 WARN  no build target for: D:\Github\LeetCode\Two_Sum\two_sum_2.scala
2023.04.01 14:06:50 WARN  no build target for: D:\Github\LeetCode\Two_Sum\two_sum_2.scala
2023.04.01 14:06:50 WARN  no build target for: D:\Github\LeetCode\Two_Sum\two_sum_2.scala
2023.04.01 14:06:50 WARN  no build target for: D:\Github\LeetCode\Two_Sum\two_sum_2.scala
2023.04.01 14:06:50 WARN  no build target for: D:\Github\LeetCode\Two_Sum\two_sum_2.scala
2023.04.01 14:17:59 WARN  no build target for: D:\Github\LeetCode\Two_Sum\two_sum_2.scala
2023.04.01 14:18:08 WARN  no build target for: D:\Github\LeetCode\Two_Sum\two_sum_2.scala
2023.04.01 14:33:55 WARN  no build target for: D:\Github\LeetCode\Two_Sum\two_sum_1.scala
2023.04.01 14:33:57 WARN  no build target for: D:\Github\LeetCode\Two_Sum\two_sum_2.scala
2023.04.01 16:59:13 INFO  Shutting down server
2023.04.01 16:59:13 INFO  shutting down Metals
2023.04.01 16:59:13 INFO  Exiting server
2023.06.15 18:12:57 INFO  Started: Metals version 0.11.12 in workspace 'D:\Github\LeetCode' for client Visual Studio Code 1.79.0.
Jun 15, 2023 6:12:57 PM org.flywaydb.core.internal.license.VersionPrinter printVersionOnly
INFO: Flyway Community Edition 9.16.3 by Redgate
Jun 15, 2023 6:12:57 PM org.flywaydb.core.internal.license.VersionPrinter printVersion
INFO: See release notes here: https://rd.gt/416ObMi
Jun 15, 2023 6:12:57 PM org.flywaydb.core.internal.license.VersionPrinter printVersion
INFO: 
Jun 15, 2023 6:12:58 PM org.flywaydb.core.internal.database.base.BaseDatabaseType createDatabase
INFO: Database: jdbc:h2:file:D:\Github\LeetCode\.metals\metals (H2 2.1)
Jun 15, 2023 6:12:58 PM org.flywaydb.core.internal.command.DbValidate validate
INFO: Successfully validated 4 migrations (execution time 00:00.035s)
Jun 15, 2023 6:12:58 PM org.flywaydb.core.internal.command.DbMigrate migrateGroup
INFO: Current version of schema "PUBLIC": 4
Jun 15, 2023 6:12:58 PM org.flywaydb.core.internal.command.DbMigrate logSummary
INFO: Schema "PUBLIC" is up to date. No migration necessary.
2023.06.15 18:12:58 INFO  time: initialize in 0.69s
2023.06.15 18:13:00 WARN  Build server is not auto-connectable.
2023.06.15 18:13:00 WARN  no build tool detected in workspace 'D:\Github\LeetCode'. The most common cause for this problem is that the editor was opened in the wrong working directory, for example if you use sbt then the workspace directory should contain build.sbt. 
2023.06.15 18:13:00 WARN  no build target for: D:\Github\LeetCode\Two_Sum\two_sum_1.scala
2023.06.15 18:13:04 INFO  no build target found for D:\Github\LeetCode\Two_Sum\two_sum_1.scala. Using presentation compiler with project's scala-library version: 3.2.2
2023.06.15 18:13:06 WARN  no build target for: D:\Github\LeetCode\Roman_to_integer\roman_to_integer.worksheet.sc
2023.06.15 18:13:08 INFO  time: code lens generation in 6.37s
2023.06.15 18:13:12 INFO  no build target found for D:\Github\LeetCode\Roman_to_integer\roman_to_integer.worksheet.sc. Using presentation compiler with project's scala-library version: 3.2.2
2023.06.15 18:13:12 INFO  time: evaluated worksheet 'roman_to_integer.worksheet.sc' in 6.16s
2023.06.15 18:13:22 WARN  no build target for: D:\Github\LeetCode\Roman_to_integer\roman_to_integer.worksheet.sc
[31merror[39m: Roman_to_integer\roman_to_integer.worksheet.sc:2:38: 
Found:    Unit
Required: Int
    def romanToInt(s: String): Int = {
                                     ^
2023.06.15 18:13:23 INFO  time: evaluated worksheet 'roman_to_integer.worksheet.sc' in 0.81s
2023.06.15 19:16:53 WARN  no build target for: D:\Github\LeetCode\Roman_to_integer\roman_to_integer.worksheet.sc
[33mwarning[39m: 
roman_to_integer.worksheet.sc:18 (mdoc generated code) 
 Line is indented too far to the left, or a `}` is missing
        def romanToInt(s: String): Int = {


2023.06.15 19:16:54 INFO  time: evaluated worksheet 'roman_to_integer.worksheet.sc' in 1.06s
2023.06.15 19:17:14 WARN  no build target for: D:\Github\LeetCode\Roman_to_integer\roman_to_integer.worksheet.sc
2023.06.15 19:17:15 INFO  time: evaluated worksheet 'roman_to_integer.worksheet.sc' in 0.74s
2023.06.15 19:17:33 WARN  no build target for: D:\Github\LeetCode\Roman_to_integer\roman_to_integer.worksheet.sc
2023.06.15 19:17:33 INFO  time: evaluated worksheet 'roman_to_integer.worksheet.sc' in 0.53s
2023.06.15 19:18:05 WARN  no build target for: D:\Github\LeetCode\Roman_to_integer\roman_to_integer.worksheet.sc
2023.06.15 19:18:06 INFO  time: evaluated worksheet 'roman_to_integer.worksheet.sc' in 0.99s
2023.06.15 19:23:20 WARN  no build target for: D:\Github\LeetCode\Roman_to_integer\roman_to_integer_1.worksheet.sc
2023.06.15 19:23:22 INFO  no build target found for D:\Github\LeetCode\Roman_to_integer\roman_to_integer_1.worksheet.sc. Using presentation compiler with project's scala-library version: 3.2.2
2023.06.15 19:23:22 INFO  time: evaluated worksheet 'roman_to_integer_1.worksheet.sc' in 2.52s
2023.06.15 19:23:39 WARN  no build target for: D:\Github\LeetCode\Roman_to_integer\roman_to_integer.worksheet.sc
2023.06.15 19:23:40 INFO  time: evaluated worksheet 'roman_to_integer.worksheet.sc' in 0.73s
Jun 15, 2023 7:23:57 PM org.eclipse.lsp4j.jsonrpc.RemoteEndpoint handleCancellation
WARNING: Unmatched cancel notification for request id 1263
2023.06.15 19:25:13 WARN  no build target for: D:\Github\LeetCode\Roman_to_integer\roman_to_integer.worksheet.sc
[33mwarning[39m: 
roman_to_integer.worksheet.sc:58 (mdoc generated code) 
 Line is indented too far to the left, or a `}` is missing
        val VALUE_MAP= Map(


2023.06.15 19:25:14 INFO  time: evaluated worksheet 'roman_to_integer.worksheet.sc' in 0.8s
2023.06.15 19:32:37 WARN  no build target for: D:\Github\LeetCode\Roman_to_integer\roman_to_integer.worksheet.sc
[33mwarning[39m: 
roman_to_integer.worksheet.sc:58 (mdoc generated code) 
 Line is indented too far to the left, or a `}` is missing
        val VALUE_MAP= Map(


2023.06.15 19:32:38 INFO  time: evaluated worksheet 'roman_to_integer.worksheet.sc' in 0.97s
2023.06.15 20:53:27 WARN  no build target for: D:\Github\LeetCode\Roman_to_integer\roman_to_integer.worksheet.sc
[33mwarning[39m: 
roman_to_integer.worksheet.sc:58 (mdoc generated code) 
 Line is indented too far to the left, or a `}` is missing
        val VALUE_MAP= Map(


2023.06.15 20:53:27 INFO  time: evaluated worksheet 'roman_to_integer.worksheet.sc' in 0.74s
2023.06.16 09:35:29 INFO  Shutting down server
2023.06.16 09:35:29 INFO  shutting down Metals
2023.06.16 09:35:29 INFO  Exiting server
2023.06.16 19:21:30 INFO  Started: Metals version 0.11.12 in workspace 'D:\Github\LeetCode' for client Visual Studio Code 1.79.0.
Jun 16, 2023 7:21:30 PM org.flywaydb.core.internal.license.VersionPrinter printVersionOnly
INFO: Flyway Community Edition 9.16.3 by Redgate
Jun 16, 2023 7:21:30 PM org.flywaydb.core.internal.license.VersionPrinter printVersion
INFO: See release notes here: https://rd.gt/416ObMi
Jun 16, 2023 7:21:30 PM org.flywaydb.core.internal.license.VersionPrinter printVersion
INFO: 
Jun 16, 2023 7:21:31 PM org.flywaydb.core.internal.database.base.BaseDatabaseType createDatabase
INFO: Database: jdbc:h2:file:D:\Github\LeetCode\.metals\metals (H2 2.1)
Jun 16, 2023 7:21:31 PM org.flywaydb.core.internal.command.DbValidate validate
INFO: Successfully validated 4 migrations (execution time 00:00.046s)
Jun 16, 2023 7:21:31 PM org.flywaydb.core.internal.command.DbMigrate migrateGroup
INFO: Current version of schema "PUBLIC": 4
Jun 16, 2023 7:21:31 PM org.flywaydb.core.internal.command.DbMigrate logSummary
INFO: Schema "PUBLIC" is up to date. No migration necessary.
2023.06.16 19:21:32 INFO  time: initialize in 1.22s
2023.06.16 19:21:35 WARN  Build server is not auto-connectable.
2023.06.16 19:21:35 WARN  no build tool detected in workspace 'D:\Github\LeetCode'. The most common cause for this problem is that the editor was opened in the wrong working directory, for example if you use sbt then the workspace directory should contain build.sbt. 
2023.06.16 19:21:35 WARN  no build target for: D:\Github\LeetCode\Roman_to_integer\roman_to_integer.worksheet.sc
2023.06.16 19:21:45 INFO  no build target found for D:\Github\LeetCode\Roman_to_integer\roman_to_integer.worksheet.sc. Using presentation compiler with project's scala-library version: 3.2.2
[33mwarning[39m: 
roman_to_integer.worksheet.sc:58 (mdoc generated code) 
 Line is indented too far to the left, or a `}` is missing
        val VALUE_MAP= Map(


2023.06.16 19:21:49 INFO  time: code lens generation in 13s
2023.06.16 19:21:49 INFO  no build target found for D:\Github\LeetCode\Roman_to_integer\roman_to_integer.worksheet.sc. Using presentation compiler with project's scala-library version: 3.2.2
2023.06.16 19:21:49 INFO  time: evaluated worksheet 'roman_to_integer.worksheet.sc' in 13s
2023.06.16 19:24:49 WARN  no build target for: D:\Github\LeetCode\roman_to_integer.worksheet.sc
[33mwarning[39m: 
roman_to_integer.worksheet.sc:58 (mdoc generated code) 
 Line is indented too far to the left, or a `}` is missing
        val VALUE_MAP= Map(


2023.06.16 19:24:52 INFO  no build target found for D:\Github\LeetCode\roman_to_integer.worksheet.sc. Using presentation compiler with project's scala-library version: 3.2.2
2023.06.16 19:24:52 INFO  time: evaluated worksheet 'roman_to_integer.worksheet.sc' in 2.59s
2023.06.16 19:25:17 WARN  no build target for: D:\Github\LeetCode\001_roman_to_integer.worksheet.sc
[33mwarning[39m: 
001_roman_to_integer.worksheet.sc:58 (mdoc generated code) 
 Line is indented too far to the left, or a `}` is missing
        val VALUE_MAP= Map(


2023.06.16 19:25:20 INFO  no build target found for D:\Github\LeetCode\001_roman_to_integer.worksheet.sc. Using presentation compiler with project's scala-library version: 3.2.2
2023.06.16 19:25:20 INFO  time: evaluated worksheet '001_roman_to_integer.worksheet.sc' in 2.88s
